[I 2024-07-11 22:31:18.818 ServerApp] Package notebook took 0.0000s to import
[I 2024-07-11 22:31:19.176 ServerApp] Package aext_assistant took 0.3573s to import
[I 2024-07-11 22:31:19.180 ServerApp] Package aext_core took 0.0039s to import
[I 2024-07-11 22:31:19.201 ServerApp] ****************** ENVIRONMENT Environment.PRODUCTION ******************
[I 2024-07-11 22:31:19.206 ServerApp] ****************** ENVIRONMENT Environment.PRODUCTION ******************
[I 2024-07-11 22:31:19.209 ServerApp] Package aext_panels took 0.0286s to import
[I 2024-07-11 22:31:19.213 ServerApp] Package aext_share_notebook took 0.0033s to import
[I 2024-07-11 22:31:19.244 ServerApp] Package jupyter_lsp took 0.0311s to import
[W 2024-07-11 22:31:19.244 ServerApp] A `_jupyter_server_extension_points` function was not found in jupyter_lsp. Instead, a `_jupyter_server_extension_paths` function was found and will be used for now. This function name will be deprecated in future releases of Jupyter Server.
[I 2024-07-11 22:31:19.255 ServerApp] Package jupyter_server_terminals took 0.0112s to import
[I 2024-07-11 22:31:19.256 ServerApp] Package jupyterlab took 0.0000s to import
[I 2024-07-11 22:31:19.427 ServerApp] Package notebook_shim took 0.0000s to import
[W 2024-07-11 22:31:19.443 ServerApp] A `_jupyter_server_extension_points` function was not found in notebook_shim. Instead, a `_jupyter_server_extension_paths` function was found and will be used for now. This function name will be deprecated in future releases of Jupyter Server.
[I 2024-07-11 22:31:20.652 ServerApp] Package panel.io.jupyter_server_extension took 1.2079s to import
[I 2024-07-11 22:31:20.653 ServerApp] aext_assistant | extension was successfully linked.
[I 2024-07-11 22:31:20.653 ServerApp] aext_core | extension was successfully linked.
[I 2024-07-11 22:31:20.653 ServerApp] aext_panels | extension was successfully linked.
[I 2024-07-11 22:31:20.653 ServerApp] aext_share_notebook | extension was successfully linked.
[I 2024-07-11 22:31:20.653 ServerApp] jupyter_lsp | extension was successfully linked.
[I 2024-07-11 22:31:20.657 ServerApp] jupyter_server_terminals | extension was successfully linked.
[I 2024-07-11 22:31:20.661 ServerApp] jupyterlab | extension was successfully linked.
[I 2024-07-11 22:31:20.665 ServerApp] notebook | extension was successfully linked.
[I 2024-07-11 22:31:21.201 ServerApp] notebook_shim | extension was successfully linked.
[I 2024-07-11 22:31:21.201 ServerApp] panel.io.jupyter_server_extension | extension was successfully linked.
[I 2024-07-11 22:31:21.256 ServerApp] notebook_shim | extension was successfully loaded.
[I 2024-07-11 22:31:21.257 ServerApp] Registered aext_assistant server extension
[I 2024-07-11 22:31:21.257 ServerApp] aext_assistant | extension was successfully loaded.
[I 2024-07-11 22:31:21.257 ServerApp] Registered aext_core server extension
[I 2024-07-11 22:31:21.257 ServerApp] aext_core | extension was successfully loaded.
[I 2024-07-11 22:31:21.258 ServerApp] Registered aext_panels server extension
[I 2024-07-11 22:31:21.258 ServerApp] aext_panels | extension was successfully loaded.
[I 2024-07-11 22:31:21.259 ServerApp] Registered aext_share_notebook_server server extension
[I 2024-07-11 22:31:21.259 ServerApp] aext_share_notebook | extension was successfully loaded.
[I 2024-07-11 22:31:21.261 ServerApp] jupyter_lsp | extension was successfully loaded.
[I 2024-07-11 22:31:21.262 ServerApp] jupyter_server_terminals | extension was successfully loaded.
[I 2024-07-11 22:31:21.270 LabApp] JupyterLab extension loaded from /opt/anaconda3/lib/python3.11/site-packages/jupyterlab
[I 2024-07-11 22:31:21.270 LabApp] JupyterLab application directory is /opt/anaconda3/share/jupyter/lab
[I 2024-07-11 22:31:21.271 LabApp] Extension Manager is 'pypi'.
[I 2024-07-11 22:31:21.273 ServerApp] jupyterlab | extension was successfully loaded.
[I 2024-07-11 22:31:21.277 ServerApp] notebook | extension was successfully loaded.
[I 2024-07-11 22:31:21.278 ServerApp] panel.io.jupyter_server_extension | extension was successfully loaded.
[I 2024-07-11 22:31:21.279 ServerApp] The port 8888 is already in use, trying another port.
[I 2024-07-11 22:31:21.279 ServerApp] The port 8889 is already in use, trying another port.
[I 2024-07-11 22:31:21.280 ServerApp] The port 8890 is already in use, trying another port.
[I 2024-07-11 22:31:21.280 ServerApp] Serving notebooks from local directory: /Users/baruchgottesman/AIClass/July 17, 2024 Homework/data-sourcing-challenge
[I 2024-07-11 22:31:21.281 ServerApp] Jupyter Server 2.10.0 is running at:
[I 2024-07-11 22:31:21.281 ServerApp] http://localhost:8891/tree?token=e826f49ac6b5153d33b3b8aafead04f586dbdb4207c00ccc
[I 2024-07-11 22:31:21.281 ServerApp]     http://127.0.0.1:8891/tree?token=e826f49ac6b5153d33b3b8aafead04f586dbdb4207c00ccc
[I 2024-07-11 22:31:21.281 ServerApp] Use Control-C to stop this server and shut down all kernels (twice to skip confirmation).
[C 2024-07-11 22:31:21.287 ServerApp] 
    
    To access the server, open this file in a browser:
        file:///Users/baruchgottesman/Library/Jupyter/runtime/jpserver-15963-open.html
    Or copy and paste one of these URLs:
        http://localhost:8891/tree?token=e826f49ac6b5153d33b3b8aafead04f586dbdb4207c00ccc
        http://127.0.0.1:8891/tree?token=e826f49ac6b5153d33b3b8aafead04f586dbdb4207c00ccc
[I 2024-07-11 22:31:21.349 ServerApp] Skipped non-installed server(s): bash-language-server, dockerfile-language-server-nodejs, javascript-typescript-langserver, jedi-language-server, julia-language-server, pyright, python-language-server, r-languageserver, sql-language-server, texlab, typescript-language-server, unified-language-server, vscode-css-languageserver-bin, vscode-html-languageserver-bin, vscode-json-languageserver-bin, yaml-language-server
0.00s - Debugger warning: It seems that frozen modules are being used, which may
0.00s - make the debugger miss breakpoints. Please pass -Xfrozen_modules=off
0.00s - to python to disable frozen modules.
0.00s - Note: Debugging will proceed. Set PYDEVD_DISABLE_FILE_VALIDATION=1 to disable this validation.
[W 2024-07-11 22:31:30.144 ServerApp] Notebook retrieve_movie_data.ipynb is not trusted
[W 2024-07-11 22:31:33.024 ServerApp] Notebook retrieve_movie_data.ipynb is not trusted
[I 2024-07-11 22:31:33.999 ServerApp] Kernel started: 7b983113-5ace-4c17-a3c9-226cc4cbbbc1
0.00s - Debugger warning: It seems that frozen modules are being used, which may
0.00s - make the debugger miss breakpoints. Please pass -Xfrozen_modules=off
0.00s - to python to disable frozen modules.
0.00s - Note: Debugging will proceed. Set PYDEVD_DISABLE_FILE_VALIDATION=1 to disable this validation.
[I 2024-07-11 22:31:36.400 ServerApp] Connecting to kernel 7b983113-5ace-4c17-a3c9-226cc4cbbbc1.
[I 2024-07-11 22:33:33.239 ServerApp] Saving file at /retrieve_movie_data.ipynb
[W 2024-07-11 22:33:33.240 ServerApp] Notebook retrieve_movie_data.ipynb is not trusted
[I 2024-07-11 22:35:33.273 ServerApp] Saving file at /retrieve_movie_data.ipynb
[W 2024-07-11 22:35:33.274 ServerApp] Notebook retrieve_movie_data.ipynb is not trusted
[I 2024-07-11 22:37:33.304 ServerApp] Saving file at /retrieve_movie_data.ipynb
[W 2024-07-11 22:37:33.305 ServerApp] Notebook retrieve_movie_data.ipynb is not trusted
[I 2024-07-11 22:39:33.333 ServerApp] Saving file at /retrieve_movie_data.ipynb
[W 2024-07-11 22:39:33.334 ServerApp] Notebook retrieve_movie_data.ipynb is not trusted
[I 2024-07-11 22:41:33.359 ServerApp] Saving file at /retrieve_movie_data.ipynb
[W 2024-07-11 22:41:33.361 ServerApp] Notebook retrieve_movie_data.ipynb is not trusted
[I 2024-07-11 22:43:33.388 ServerApp] Saving file at /retrieve_movie_data.ipynb
[W 2024-07-11 22:43:33.389 ServerApp] Notebook retrieve_movie_data.ipynb is not trusted
[I 2024-07-11 22:45:33.532 ServerApp] Saving file at /retrieve_movie_data.ipynb
[W 2024-07-11 22:45:33.533 ServerApp] Notebook retrieve_movie_data.ipynb is not trusted
[I 2024-07-11 22:47:33.569 ServerApp] Saving file at /retrieve_movie_data.ipynb
[W 2024-07-11 22:47:33.570 ServerApp] Notebook retrieve_movie_data.ipynb is not trusted
[I 2024-07-11 22:49:33.605 ServerApp] Saving file at /retrieve_movie_data.ipynb
[W 2024-07-11 22:49:33.606 ServerApp] Notebook retrieve_movie_data.ipynb is not trusted
[I 2024-07-11 22:51:33.635 ServerApp] Saving file at /retrieve_movie_data.ipynb
[W 2024-07-11 22:51:33.639 ServerApp] Notebook retrieve_movie_data.ipynb is not trusted
[I 2024-07-11 22:53:33.667 ServerApp] Saving file at /retrieve_movie_data.ipynb
[W 2024-07-11 22:53:33.668 ServerApp] Notebook retrieve_movie_data.ipynb is not trusted
[I 2024-07-11 22:55:33.697 ServerApp] Saving file at /retrieve_movie_data.ipynb
[W 2024-07-11 22:55:33.698 ServerApp] Notebook retrieve_movie_data.ipynb is not trusted
[I 2024-07-11 22:59:33.727 ServerApp] Saving file at /retrieve_movie_data.ipynb
[W 2024-07-11 22:59:33.728 ServerApp] Notebook retrieve_movie_data.ipynb is not trusted
[I 2024-07-11 23:01:33.765 ServerApp] Saving file at /retrieve_movie_data.ipynb
[W 2024-07-11 23:01:33.766 ServerApp] Notebook retrieve_movie_data.ipynb is not trusted
[I 2024-07-11 23:03:33.793 ServerApp] Saving file at /retrieve_movie_data.ipynb
[W 2024-07-11 23:03:33.794 ServerApp] Notebook retrieve_movie_data.ipynb is not trusted
[I 2024-07-11 23:05:33.821 ServerApp] Saving file at /retrieve_movie_data.ipynb
[W 2024-07-11 23:05:33.822 ServerApp] Notebook retrieve_movie_data.ipynb is not trusted
[I 2024-07-11 23:07:33.932 ServerApp] Saving file at /retrieve_movie_data.ipynb
[W 2024-07-11 23:07:33.933 ServerApp] Notebook retrieve_movie_data.ipynb is not trusted
[I 2024-07-11 23:09:33.961 ServerApp] Saving file at /retrieve_movie_data.ipynb
[W 2024-07-11 23:09:33.963 ServerApp] Notebook retrieve_movie_data.ipynb is not trusted
[I 2024-07-11 23:11:34.014 ServerApp] Saving file at /retrieve_movie_data.ipynb
[W 2024-07-11 23:11:34.016 ServerApp] Notebook retrieve_movie_data.ipynb is not trusted
[I 2024-07-11 23:12:10.069 ServerApp] Saving file at /retrieve_movie_data.ipynb
[W 2024-07-11 23:12:10.070 ServerApp] Notebook retrieve_movie_data.ipynb is not trusted
[I 2024-07-11 23:14:10.095 ServerApp] Saving file at /retrieve_movie_data.ipynb
[W 2024-07-11 23:14:10.096 ServerApp] Notebook retrieve_movie_data.ipynb is not trusted
[I 2024-07-11 23:16:10.351 ServerApp] Saving file at /retrieve_movie_data.ipynb
[W 2024-07-11 23:16:10.356 ServerApp] Notebook retrieve_movie_data.ipynb is not trusted
[I 2024-07-11 23:20:10.429 ServerApp] Saving file at /retrieve_movie_data.ipynb
[W 2024-07-11 23:20:10.431 ServerApp] Notebook retrieve_movie_data.ipynb is not trusted
[I 2024-07-11 23:22:10.455 ServerApp] Saving file at /retrieve_movie_data.ipynb
[W 2024-07-11 23:22:10.456 ServerApp] Notebook retrieve_movie_data.ipynb is not trusted
[I 2024-07-11 23:24:10.482 ServerApp] Saving file at /retrieve_movie_data.ipynb
[W 2024-07-11 23:24:10.483 ServerApp] Notebook retrieve_movie_data.ipynb is not trusted
[I 2024-07-11 23:26:10.511 ServerApp] Saving file at /retrieve_movie_data.ipynb
[W 2024-07-11 23:26:10.512 ServerApp] Notebook retrieve_movie_data.ipynb is not trusted
[I 2024-07-11 23:28:10.540 ServerApp] Saving file at /retrieve_movie_data.ipynb
[W 2024-07-11 23:28:10.541 ServerApp] Notebook retrieve_movie_data.ipynb is not trusted
[I 2024-07-11 23:30:10.568 ServerApp] Saving file at /retrieve_movie_data.ipynb
[W 2024-07-11 23:30:10.568 ServerApp] Notebook retrieve_movie_data.ipynb is not trusted
[I 2024-07-11 23:32:10.590 ServerApp] Saving file at /retrieve_movie_data.ipynb
[W 2024-07-11 23:32:10.590 ServerApp] Notebook retrieve_movie_data.ipynb is not trusted
[I 2024-07-11 23:34:10.613 ServerApp] Saving file at /retrieve_movie_data.ipynb
[W 2024-07-11 23:34:10.615 ServerApp] Notebook retrieve_movie_data.ipynb is not trusted
[I 2024-07-11 23:38:10.655 ServerApp] Saving file at /retrieve_movie_data.ipynb
[W 2024-07-11 23:38:10.656 ServerApp] Notebook retrieve_movie_data.ipynb is not trusted
[I 2024-07-11 23:40:10.687 ServerApp] Saving file at /retrieve_movie_data.ipynb
[W 2024-07-11 23:40:10.688 ServerApp] Notebook retrieve_movie_data.ipynb is not trusted
[I 2024-07-11 23:44:10.716 ServerApp] Saving file at /retrieve_movie_data.ipynb
[W 2024-07-11 23:44:10.717 ServerApp] Notebook retrieve_movie_data.ipynb is not trusted
[I 2024-07-11 23:47:24.009 ServerApp] Saving file at /retrieve_movie_data.ipynb
[W 2024-07-11 23:47:24.010 ServerApp] Notebook retrieve_movie_data.ipynb is not trusted
[I 2024-07-11 23:49:24.034 ServerApp] Saving file at /retrieve_movie_data.ipynb
[W 2024-07-11 23:49:24.034 ServerApp] Notebook retrieve_movie_data.ipynb is not trusted
[I 2024-07-11 23:51:24.054 ServerApp] Saving file at /retrieve_movie_data.ipynb
[W 2024-07-11 23:51:24.055 ServerApp] Notebook retrieve_movie_data.ipynb is not trusted
[I 2024-07-11 23:53:24.076 ServerApp] Saving file at /retrieve_movie_data.ipynb
[W 2024-07-11 23:53:24.076 ServerApp] Notebook retrieve_movie_data.ipynb is not trusted
[I 2024-07-11 23:55:24.097 ServerApp] Saving file at /retrieve_movie_data.ipynb
[W 2024-07-11 23:55:24.097 ServerApp] Notebook retrieve_movie_data.ipynb is not trusted
[I 2024-07-11 23:57:24.149 ServerApp] Saving file at /retrieve_movie_data.ipynb
[W 2024-07-11 23:57:24.150 ServerApp] Notebook retrieve_movie_data.ipynb is not trusted
[I 2024-07-11 23:59:24.172 ServerApp] Saving file at /retrieve_movie_data.ipynb
[W 2024-07-11 23:59:24.172 ServerApp] Notebook retrieve_movie_data.ipynb is not trusted
[I 2024-07-12 00:01:24.196 ServerApp] Saving file at /retrieve_movie_data.ipynb
[W 2024-07-12 00:01:24.196 ServerApp] Notebook retrieve_movie_data.ipynb is not trusted
[I 2024-07-12 00:01:40.018 ServerApp] Saving file at /retrieve_movie_data.ipynb
[W 2024-07-12 00:01:40.018 ServerApp] Notebook retrieve_movie_data.ipynb is not trusted
[I 2024-07-12 00:09:40.039 ServerApp] Saving file at /retrieve_movie_data.ipynb
[W 2024-07-12 00:09:40.040 ServerApp] Notebook retrieve_movie_data.ipynb is not trusted
[I 2024-07-12 00:11:40.065 ServerApp] Saving file at /retrieve_movie_data.ipynb
[W 2024-07-12 00:11:40.066 ServerApp] Notebook retrieve_movie_data.ipynb is not trusted
[I 2024-07-12 11:43:27.240 ServerApp] Starting buffering for 7b983113-5ace-4c17-a3c9-226cc4cbbbc1:ee1d872d-51a9-48aa-b630-151d6551892f
[W 2024-07-12 11:43:33.303 ServerApp] Notebook retrieve_movie_data.ipynb is not trusted
[W 2024-07-12 11:43:35.586 ServerApp] Notebook retrieve_movie_data.ipynb is not trusted
[I 2024-07-12 11:43:36.621 ServerApp] Connecting to kernel 7b983113-5ace-4c17-a3c9-226cc4cbbbc1.
[I 2024-07-12 11:45:35.728 ServerApp] Saving file at /retrieve_movie_data.ipynb
[W 2024-07-12 11:45:35.729 ServerApp] Notebook retrieve_movie_data.ipynb is not trusted
[I 2024-07-12 11:47:35.872 ServerApp] Saving file at /retrieve_movie_data.ipynb
[W 2024-07-12 11:47:35.873 ServerApp] Notebook retrieve_movie_data.ipynb is not trusted
[I 2024-07-12 11:49:36.872 ServerApp] Saving file at /retrieve_movie_data.ipynb
[W 2024-07-12 11:49:36.874 ServerApp] Notebook retrieve_movie_data.ipynb is not trusted
[I 2024-07-12 12:13:39.462 ServerApp] Starting buffering for 7b983113-5ace-4c17-a3c9-226cc4cbbbc1:adf58916-8fe7-40a5-8968-08cd1bd86361
[I 2024-07-12 12:13:40.106 ServerApp] Connecting to kernel 7b983113-5ace-4c17-a3c9-226cc4cbbbc1.
[I 2024-07-12 12:13:40.107 ServerApp] Restoring connection for 7b983113-5ace-4c17-a3c9-226cc4cbbbc1:adf58916-8fe7-40a5-8968-08cd1bd86361
[W 2024-07-12 13:40:53.758 ServerApp] Notebook retrieve_movie_data.ipynb is not trusted
[W 2024-07-12 13:40:58.157 ServerApp] Notebook retrieve_movie_data.ipynb is not trusted
[I 2024-07-12 13:40:58.905 ServerApp] Connecting to kernel 7b983113-5ace-4c17-a3c9-226cc4cbbbc1.
[I 2024-07-12 13:44:49.204 ServerApp] Saving file at /retrieve_movie_data.ipynb
[W 2024-07-12 13:44:49.206 ServerApp] Notebook retrieve_movie_data.ipynb is not trusted
[I 2024-07-12 13:46:49.343 ServerApp] Saving file at /retrieve_movie_data.ipynb
[W 2024-07-12 13:46:49.344 ServerApp] Notebook retrieve_movie_data.ipynb is not trusted
[I 2024-07-12 13:50:49.381 ServerApp] Saving file at /retrieve_movie_data.ipynb
[W 2024-07-12 13:50:49.386 ServerApp] Notebook retrieve_movie_data.ipynb is not trusted
[I 2024-07-12 13:52:49.503 ServerApp] Saving file at /retrieve_movie_data.ipynb
[W 2024-07-12 13:52:49.505 ServerApp] Notebook retrieve_movie_data.ipynb is not trusted
[I 2024-07-12 13:54:49.588 ServerApp] Saving file at /retrieve_movie_data.ipynb
[W 2024-07-12 13:54:49.590 ServerApp] Notebook retrieve_movie_data.ipynb is not trusted
[I 2024-07-12 13:56:49.621 ServerApp] Saving file at /retrieve_movie_data.ipynb
[W 2024-07-12 13:56:49.622 ServerApp] Notebook retrieve_movie_data.ipynb is not trusted
[I 2024-07-12 13:58:49.654 ServerApp] Saving file at /retrieve_movie_data.ipynb
[W 2024-07-12 13:58:49.654 ServerApp] Notebook retrieve_movie_data.ipynb is not trusted
[I 2024-07-12 14:00:49.688 ServerApp] Saving file at /retrieve_movie_data.ipynb
[W 2024-07-12 14:00:49.689 ServerApp] Notebook retrieve_movie_data.ipynb is not trusted
[I 2024-07-12 14:02:49.750 ServerApp] Saving file at /retrieve_movie_data.ipynb
[W 2024-07-12 14:02:49.751 ServerApp] Notebook retrieve_movie_data.ipynb is not trusted
[I 2024-07-12 14:04:49.787 ServerApp] Saving file at /retrieve_movie_data.ipynb
[I 2024-07-12 14:06:08.254 ServerApp] Saving file at /retrieve_movie_data.ipynb
[I 2024-07-12 14:06:11.354 ServerApp] Saving file at /retrieve_movie_data.ipynb
[I 2024-07-12 14:08:11.387 ServerApp] Saving file at /retrieve_movie_data.ipynb
[I 2024-07-12 14:09:33.131 ServerApp] Saving file at /retrieve_movie_data.ipynb
